8/14/2011 10:29:43 PM
INFO  2011-08-14 18:29:39,286 - Installing bundle...
INFO  2011-08-14 18:29:39,301 - Performing pre-install.
INFO  2011-08-14 18:29:39,332 - Installing context item: SalesLogix Application Entities (\Entity Model\SalesLogix Application Entities\SalesLogix Application Entities.T.package.xml)
INFO  2011-08-14 18:29:39,364 - Successfully installed SalesLogix Application Entities (\Entity Model\SalesLogix Application Entities\SalesLogix Application Entities.T.package.xml)
INFO  2011-08-14 18:29:39,379 - Installing model item: SalesOrder (\Entity Model\SalesLogix Application Entities\SalesOrder\SalesOrder.SALESORDER.entity.xml)
INFO  2011-08-14 18:29:40,473 - Successfully installed SalesOrder (\Entity Model\SalesLogix Application Entities\SalesOrder\SalesOrder.SALESORDER.entity.xml)
INFO  2011-08-14 18:29:40,489 - Installing model item: CopySalesOrder (\Entity Model\SalesLogix Application Entities\SalesOrder\CopySalesOrder.method.xml)
INFO  2011-08-14 18:29:40,489 - Successfully installed CopySalesOrder (\Entity Model\SalesLogix Application Entities\SalesOrder\CopySalesOrder.method.xml)
INFO  2011-08-14 18:29:40,520 - Installing item: CopySalesOrder (\Entity Model\SalesLogix Application Entities\SalesOrder\CopySalesOrder.method.xml::Primary Steps::CopySalesOrder)
INFO  2011-08-14 18:29:40,520 - Successfully installed CopySalesOrder (\Entity Model\SalesLogix Application Entities\SalesOrder\CopySalesOrder.method.xml::Primary Steps::CopySalesOrder)
INFO  2011-08-14 18:29:40,536 - Installing model item: IsMultiCurrencyEnabled (\Entity Model\SalesLogix Application Entities\SalesOrder\IsMultiCurrencyEnabled.method.xml)
INFO  2011-08-14 18:29:40,551 - Successfully installed IsMultiCurrencyEnabled (\Entity Model\SalesLogix Application Entities\SalesOrder\IsMultiCurrencyEnabled.method.xml)
INFO  2011-08-14 18:29:40,551 - Installing item: IsMultiCurrencyEnabled (\Entity Model\SalesLogix Application Entities\SalesOrder\IsMultiCurrencyEnabled.method.xml::Primary Steps::IsMultiCurrencyEnabled)
INFO  2011-08-14 18:29:40,582 - Successfully installed IsMultiCurrencyEnabled (\Entity Model\SalesLogix Application Entities\SalesOrder\IsMultiCurrencyEnabled.method.xml::Primary Steps::IsMultiCurrencyEnabled)
INFO  2011-08-14 18:29:40,582 - Installing model item: OnAccountChanged (\Entity Model\SalesLogix Application Entities\SalesOrder\OnAccountChanged.method.xml)
INFO  2011-08-14 18:29:40,598 - Successfully installed OnAccountChanged (\Entity Model\SalesLogix Application Entities\SalesOrder\OnAccountChanged.method.xml)
INFO  2011-08-14 18:29:40,598 - Installing item: OnAccountChanged (\Entity Model\SalesLogix Application Entities\SalesOrder\OnAccountChanged.method.xml::Primary Steps::OnAccountChanged)
INFO  2011-08-14 18:29:40,598 - Successfully installed OnAccountChanged (\Entity Model\SalesLogix Application Entities\SalesOrder\OnAccountChanged.method.xml::Primary Steps::OnAccountChanged)
INFO  2011-08-14 18:29:40,645 - Installing model item: OnBillingContactChanged (\Entity Model\SalesLogix Application Entities\SalesOrder\OnBillingContactChanged.method.xml)
INFO  2011-08-14 18:29:40,645 - Successfully installed OnBillingContactChanged (\Entity Model\SalesLogix Application Entities\SalesOrder\OnBillingContactChanged.method.xml)
INFO  2011-08-14 18:29:40,676 - Installing item: OnBillingContactChanged (\Entity Model\SalesLogix Application Entities\SalesOrder\OnBillingContactChanged.method.xml::Primary Steps::OnBillingContactChanged)
INFO  2011-08-14 18:29:40,676 - Successfully installed OnBillingContactChanged (\Entity Model\SalesLogix Application Entities\SalesOrder\OnBillingContactChanged.method.xml::Primary Steps::OnBillingContactChanged)
INFO  2011-08-14 18:29:40,692 - Installing model item: OnOpportunityChanged (\Entity Model\SalesLogix Application Entities\SalesOrder\OnOpportunityChanged.method.xml)
INFO  2011-08-14 18:29:40,707 - Successfully installed OnOpportunityChanged (\Entity Model\SalesLogix Application Entities\SalesOrder\OnOpportunityChanged.method.xml)
INFO  2011-08-14 18:29:40,707 - Installing item: OnOpportunityChanged (\Entity Model\SalesLogix Application Entities\SalesOrder\OnOpportunityChanged.method.xml::Primary Steps::OnOpportunityChanged)
INFO  2011-08-14 18:29:40,723 - Successfully installed OnOpportunityChanged (\Entity Model\SalesLogix Application Entities\SalesOrder\OnOpportunityChanged.method.xml::Primary Steps::OnOpportunityChanged)
INFO  2011-08-14 18:29:40,848 - Installing model item: OnShippingContactChanged (\Entity Model\SalesLogix Application Entities\SalesOrder\OnShippingContactChanged.method.xml)
INFO  2011-08-14 18:29:40,864 - Successfully installed OnShippingContactChanged (\Entity Model\SalesLogix Application Entities\SalesOrder\OnShippingContactChanged.method.xml)
INFO  2011-08-14 18:29:40,879 - Installing item: OnShippingContactChanged (\Entity Model\SalesLogix Application Entities\SalesOrder\OnShippingContactChanged.method.xml::Primary Steps::OnShippingContactChanged)
INFO  2011-08-14 18:29:40,879 - Successfully installed OnShippingContactChanged (\Entity Model\SalesLogix Application Entities\SalesOrder\OnShippingContactChanged.method.xml::Primary Steps::OnShippingContactChanged)
INFO  2011-08-14 18:29:40,895 - Installing model item: OnStatusChanged (\Entity Model\SalesLogix Application Entities\SalesOrder\OnStatusChanged.method.xml)
INFO  2011-08-14 18:29:40,895 - Successfully installed OnStatusChanged (\Entity Model\SalesLogix Application Entities\SalesOrder\OnStatusChanged.method.xml)
INFO  2011-08-14 18:29:40,911 - Installing item: OnStatusChange (\Entity Model\SalesLogix Application Entities\SalesOrder\OnStatusChanged.method.xml::Primary Steps::OnStatusChange)
INFO  2011-08-14 18:29:40,911 - Successfully installed OnStatusChange (\Entity Model\SalesLogix Application Entities\SalesOrder\OnStatusChanged.method.xml::Primary Steps::OnStatusChange)
INFO  2011-08-14 18:29:40,926 - Installing model item: SetDiscountRate (\Entity Model\SalesLogix Application Entities\SalesOrder\SetDiscountRate.method.xml)
INFO  2011-08-14 18:29:40,942 - Successfully installed SetDiscountRate (\Entity Model\SalesLogix Application Entities\SalesOrder\SetDiscountRate.method.xml)
INFO  2011-08-14 18:29:41,098 - Installing item: SetDiscountRate (\Entity Model\SalesLogix Application Entities\SalesOrder\SetDiscountRate.method.xml::Primary Steps::SetDiscountRate)
INFO  2011-08-14 18:29:41,098 - Successfully installed SetDiscountRate (\Entity Model\SalesLogix Application Entities\SalesOrder\SetDiscountRate.method.xml::Primary Steps::SetDiscountRate)
INFO  2011-08-14 18:29:41,114 - Installing model item: SetExchangeRate (\Entity Model\SalesLogix Application Entities\SalesOrder\SetExchangeRate.method.xml)
INFO  2011-08-14 18:29:41,114 - Successfully installed SetExchangeRate (\Entity Model\SalesLogix Application Entities\SalesOrder\SetExchangeRate.method.xml)
INFO  2011-08-14 18:29:41,129 - Installing item: SetExchangeRate (\Entity Model\SalesLogix Application Entities\SalesOrder\SetExchangeRate.method.xml::Primary Steps::SetExchangeRate)
INFO  2011-08-14 18:29:41,145 - Successfully installed SetExchangeRate (\Entity Model\SalesLogix Application Entities\SalesOrder\SetExchangeRate.method.xml::Primary Steps::SetExchangeRate)
INFO  2011-08-14 18:29:41,161 - Installing model item: SetSalesOrderBillingAddress (\Entity Model\SalesLogix Application Entities\SalesOrder\SetSalesOrderBillingAddress.method.xml)
INFO  2011-08-14 18:29:41,176 - Successfully installed SetSalesOrderBillingAddress (\Entity Model\SalesLogix Application Entities\SalesOrder\SetSalesOrderBillingAddress.method.xml)
INFO  2011-08-14 18:29:41,176 - Installing item: SetSalesOrderBillingAddress (\Entity Model\SalesLogix Application Entities\SalesOrder\SetSalesOrderBillingAddress.method.xml::Primary Steps::SetSalesOrderBillingAddress)
INFO  2011-08-14 18:29:41,192 - Successfully installed SetSalesOrderBillingAddress (\Entity Model\SalesLogix Application Entities\SalesOrder\SetSalesOrderBillingAddress.method.xml::Primary Steps::SetSalesOrderBillingAddress)
INFO  2011-08-14 18:29:41,332 - Installing model item: SetSalesOrderShippingAddress (\Entity Model\SalesLogix Application Entities\SalesOrder\SetSalesOrderShippingAddress.method.xml)
INFO  2011-08-14 18:29:41,348 - Successfully installed SetSalesOrderShippingAddress (\Entity Model\SalesLogix Application Entities\SalesOrder\SetSalesOrderShippingAddress.method.xml)
INFO  2011-08-14 18:29:41,379 - Installing item: SetSalesOrderShippingAddress (\Entity Model\SalesLogix Application Entities\SalesOrder\SetSalesOrderShippingAddress.method.xml::Primary Steps::SetSalesOrderShippingAddress)
INFO  2011-08-14 18:29:41,379 - Successfully installed SetSalesOrderShippingAddress (\Entity Model\SalesLogix Application Entities\SalesOrder\SetSalesOrderShippingAddress.method.xml::Primary Steps::SetSalesOrderShippingAddress)
INFO  2011-08-14 18:29:41,395 - Installing model item: SetTaxAmount (\Entity Model\SalesLogix Application Entities\SalesOrder\SetTaxAmount.method.xml)
INFO  2011-08-14 18:29:41,411 - Successfully installed SetTaxAmount (\Entity Model\SalesLogix Application Entities\SalesOrder\SetTaxAmount.method.xml)
INFO  2011-08-14 18:29:41,411 - Installing item: SetTaxAmount (\Entity Model\SalesLogix Application Entities\SalesOrder\SetTaxAmount.method.xml::Primary Steps::SetTaxAmount)
INFO  2011-08-14 18:29:41,426 - Successfully installed SetTaxAmount (\Entity Model\SalesLogix Application Entities\SalesOrder\SetTaxAmount.method.xml::Primary Steps::SetTaxAmount)
INFO  2011-08-14 18:29:41,551 - Installing model item: OnAfterDelete (\Entity Model\SalesLogix Application Entities\SalesOrder\OnAfterDelete.method.xml)
INFO  2011-08-14 18:29:41,567 - Successfully installed OnAfterDelete (\Entity Model\SalesLogix Application Entities\SalesOrder\OnAfterDelete.method.xml)
INFO  2011-08-14 18:29:41,582 - Installing item: OnAfterDelete (\Entity Model\SalesLogix Application Entities\SalesOrder\OnAfterDelete.method.xml::Primary Steps::OnAfterDelete)
INFO  2011-08-14 18:29:41,582 - Successfully installed OnAfterDelete (\Entity Model\SalesLogix Application Entities\SalesOrder\OnAfterDelete.method.xml::Primary Steps::OnAfterDelete)
INFO  2011-08-14 18:29:41,614 - Installing model item: OnAfterInsert (\Entity Model\SalesLogix Application Entities\SalesOrder\OnAfterInsert.method.xml)
INFO  2011-08-14 18:29:41,614 - Successfully installed OnAfterInsert (\Entity Model\SalesLogix Application Entities\SalesOrder\OnAfterInsert.method.xml)
INFO  2011-08-14 18:29:41,629 - Installing item: OnAfterInsert (\Entity Model\SalesLogix Application Entities\SalesOrder\OnAfterInsert.method.xml::Primary Steps::OnAfterInsert)
INFO  2011-08-14 18:29:41,645 - Successfully installed OnAfterInsert (\Entity Model\SalesLogix Application Entities\SalesOrder\OnAfterInsert.method.xml::Primary Steps::OnAfterInsert)
INFO  2011-08-14 18:29:41,801 - Installing model item: OnAfterUpdate (\Entity Model\SalesLogix Application Entities\SalesOrder\OnAfterUpdate.method.xml)
INFO  2011-08-14 18:29:41,817 - Successfully installed OnAfterUpdate (\Entity Model\SalesLogix Application Entities\SalesOrder\OnAfterUpdate.method.xml)
INFO  2011-08-14 18:29:41,817 - Installing item: OnAfterUpdate (\Entity Model\SalesLogix Application Entities\SalesOrder\OnAfterUpdate.method.xml::Primary Steps::OnAfterUpdate)
INFO  2011-08-14 18:29:41,832 - Successfully installed OnAfterUpdate (\Entity Model\SalesLogix Application Entities\SalesOrder\OnAfterUpdate.method.xml::Primary Steps::OnAfterUpdate)
INFO  2011-08-14 18:29:41,848 - Installing model item: OnBeforeDelete (\Entity Model\SalesLogix Application Entities\SalesOrder\OnBeforeDelete.method.xml)
INFO  2011-08-14 18:29:41,848 - Successfully installed OnBeforeDelete (\Entity Model\SalesLogix Application Entities\SalesOrder\OnBeforeDelete.method.xml)
INFO  2011-08-14 18:29:41,864 - Installing item: OnBeforeDelete (\Entity Model\SalesLogix Application Entities\SalesOrder\OnBeforeDelete.method.xml::Primary Steps::OnBeforeDelete)
INFO  2011-08-14 18:29:41,879 - Successfully installed OnBeforeDelete (\Entity Model\SalesLogix Application Entities\SalesOrder\OnBeforeDelete.method.xml::Primary Steps::OnBeforeDelete)
INFO  2011-08-14 18:29:41,879 - Installing model item: OnBeforeInsert (\Entity Model\SalesLogix Application Entities\SalesOrder\OnBeforeInsert.method.xml)
INFO  2011-08-14 18:29:42,020 - Successfully installed OnBeforeInsert (\Entity Model\SalesLogix Application Entities\SalesOrder\OnBeforeInsert.method.xml)
INFO  2011-08-14 18:29:42,036 - Installing item: OnBeforeInsert (\Entity Model\SalesLogix Application Entities\SalesOrder\OnBeforeInsert.method.xml::Primary Steps::OnBeforeInsert)
INFO  2011-08-14 18:29:42,051 - Successfully installed OnBeforeInsert (\Entity Model\SalesLogix Application Entities\SalesOrder\OnBeforeInsert.method.xml::Primary Steps::OnBeforeInsert)
INFO  2011-08-14 18:29:42,067 - Installing model item: OnBeforeUpdate (\Entity Model\SalesLogix Application Entities\SalesOrder\OnBeforeUpdate.method.xml)
INFO  2011-08-14 18:29:42,067 - Successfully installed OnBeforeUpdate (\Entity Model\SalesLogix Application Entities\SalesOrder\OnBeforeUpdate.method.xml)
INFO  2011-08-14 18:29:42,082 - Installing item: OnBeforeUpdate (\Entity Model\SalesLogix Application Entities\SalesOrder\OnBeforeUpdate.method.xml::Primary Steps::OnBeforeUpdate)
INFO  2011-08-14 18:29:42,098 - Successfully installed OnBeforeUpdate (\Entity Model\SalesLogix Application Entities\SalesOrder\OnBeforeUpdate.method.xml::Primary Steps::OnBeforeUpdate)
INFO  2011-08-14 18:29:42,098 - Installing model item: OnCreate (\Entity Model\SalesLogix Application Entities\SalesOrder\OnCreate.method.xml)
INFO  2011-08-14 18:29:42,114 - Successfully installed OnCreate (\Entity Model\SalesLogix Application Entities\SalesOrder\OnCreate.method.xml)
INFO  2011-08-14 18:29:42,254 - Installing item: OnCreate (\Entity Model\SalesLogix Application Entities\SalesOrder\OnCreate.method.xml::Primary Steps::OnCreate)
INFO  2011-08-14 18:29:42,270 - Successfully installed OnCreate (\Entity Model\SalesLogix Application Entities\SalesOrder\OnCreate.method.xml::Primary Steps::OnCreate)
INFO  2011-08-14 18:29:42,270 - Installing model item: Account (\Entity Model\SalesLogix Application Entities\SalesOrder\Account.filter.xml)
INFO  2011-08-14 18:29:42,723 - Successfully installed Account (\Entity Model\SalesLogix Application Entities\SalesOrder\Account.filter.xml)
INFO  2011-08-14 18:29:42,739 - Installing model item: AccountManager (\Entity Model\SalesLogix Application Entities\SalesOrder\AccountManager.filter.xml)
INFO  2011-08-14 18:29:42,770 - Successfully installed AccountManager (\Entity Model\SalesLogix Application Entities\SalesOrder\AccountManager.filter.xml)
INFO  2011-08-14 18:29:42,786 - Installing model item: CommissionAverage (\Entity Model\SalesLogix Application Entities\SalesOrder\CommissionAverage.filter.xml)
INFO  2011-08-14 18:29:42,801 - Successfully installed CommissionAverage (\Entity Model\SalesLogix Application Entities\SalesOrder\CommissionAverage.filter.xml)
INFO  2011-08-14 18:29:42,817 - Installing model item: DateRequested (\Entity Model\SalesLogix Application Entities\SalesOrder\DateRequested.filter.xml)
INFO  2011-08-14 18:29:42,832 - Successfully installed DateRequested (\Entity Model\SalesLogix Application Entities\SalesOrder\DateRequested.filter.xml)
INFO  2011-08-14 18:29:42,848 - Installing model item: DiscountAverage (\Entity Model\SalesLogix Application Entities\SalesOrder\DiscountAverage.filter.xml)
INFO  2011-08-14 18:29:42,864 - Successfully installed DiscountAverage (\Entity Model\SalesLogix Application Entities\SalesOrder\DiscountAverage.filter.xml)
INFO  2011-08-14 18:29:42,895 - Installing model item: GrandTotal (\Entity Model\SalesLogix Application Entities\SalesOrder\GrandTotal.filter.xml)
INFO  2011-08-14 18:29:42,911 - Successfully installed GrandTotal (\Entity Model\SalesLogix Application Entities\SalesOrder\GrandTotal.filter.xml)
INFO  2011-08-14 18:29:42,926 - Installing model item: OpenSalesOrderDeliveryExpectationAverage (\Entity Model\SalesLogix Application Entities\SalesOrder\OpenSalesOrderDeliveryExpectationAverage.filter.xml)
INFO  2011-08-14 18:29:42,942 - Successfully installed OpenSalesOrderDeliveryExpectationAverage (\Entity Model\SalesLogix Application Entities\SalesOrder\OpenSalesOrderDeliveryExpectationAverage.filter.xml)
INFO  2011-08-14 18:29:42,973 - Installing model item: SalesOrderCount (\Entity Model\SalesLogix Application Entities\SalesOrder\SalesOrderCount.filter.xml)
INFO  2011-08-14 18:29:43,004 - Successfully installed SalesOrderCount (\Entity Model\SalesLogix Application Entities\SalesOrder\SalesOrderCount.filter.xml)
INFO  2011-08-14 18:29:43,020 - Installing model item: Status (\Entity Model\SalesLogix Application Entities\SalesOrder\Status.filter.xml)
INFO  2011-08-14 18:29:43,020 - Successfully installed Status (\Entity Model\SalesLogix Application Entities\SalesOrder\Status.filter.xml)
INFO  2011-08-14 18:29:43,036 - Installing model item: Type (\Entity Model\SalesLogix Application Entities\SalesOrder\Type.filter.xml)
INFO  2011-08-14 18:29:43,051 - Successfully installed Type (\Entity Model\SalesLogix Application Entities\SalesOrder\Type.filter.xml)
INFO  2011-08-14 18:29:43,098 - Installing model item: BillToShipTo (\Entity Model\SalesLogix Application Entities\SalesOrder\QuickForms\BillToShipTo.main.quickform.xml)
INFO  2011-08-14 18:29:43,145 - Successfully installed BillToShipTo (\Entity Model\SalesLogix Application Entities\SalesOrder\QuickForms\BillToShipTo.main.quickform.xml)
INFO  2011-08-14 18:29:43,161 - Installing model item: EditSalesOrderDetail (\Entity Model\SalesLogix Application Entities\SalesOrder\QuickForms\EditSalesOrderDetail.main.quickform.xml)
INFO  2011-08-14 18:29:43,176 - Successfully installed EditSalesOrderDetail (\Entity Model\SalesLogix Application Entities\SalesOrder\QuickForms\EditSalesOrderDetail.main.quickform.xml)
INFO  2011-08-14 18:29:43,207 - Installing model item: InsertSalesOrder (\Entity Model\SalesLogix Application Entities\SalesOrder\QuickForms\InsertSalesOrder.main.quickform.xml)
INFO  2011-08-14 18:29:43,239 - Successfully installed InsertSalesOrder (\Entity Model\SalesLogix Application Entities\SalesOrder\QuickForms\InsertSalesOrder.main.quickform.xml)
INFO  2011-08-14 18:29:43,239 - Installing model item: SalesOrderDetails (\Entity Model\SalesLogix Application Entities\SalesOrder\QuickForms\SalesOrderDetails.main.quickform.xml)
INFO  2011-08-14 18:29:43,254 - Successfully installed SalesOrderDetails (\Entity Model\SalesLogix Application Entities\SalesOrder\QuickForms\SalesOrderDetails.main.quickform.xml)
INFO  2011-08-14 18:29:43,270 - Installing model item: SalesOrderItems (\Entity Model\SalesLogix Application Entities\SalesOrder\QuickForms\SalesOrderItems.main.quickform.xml)
INFO  2011-08-14 18:29:43,286 - Successfully installed SalesOrderItems (\Entity Model\SalesLogix Application Entities\SalesOrder\QuickForms\SalesOrderItems.main.quickform.xml)
INFO  2011-08-14 18:29:43,286 - Installing model item: SalesOrderSummaryView (\Entity Model\SalesLogix Application Entities\SalesOrder\QuickForms\SalesOrderSummaryView.main.quickform.xml)
INFO  2011-08-14 18:29:43,301 - Successfully installed SalesOrderSummaryView (\Entity Model\SalesLogix Application Entities\SalesOrder\QuickForms\SalesOrderSummaryView.main.quickform.xml)
INFO  2011-08-14 18:29:43,348 - Configuring installed items.
INFO  2011-08-14 18:29:43,348 - Performing pre-commit to target project.
INFO  2011-08-14 18:29:43,582 - Committing items to target project...
INFO  2011-08-14 18:29:43,692 - Committing transactions...
INFO  2011-08-14 18:29:43,911 - Copying bundle manifest to project.
INFO  2011-08-14 18:29:44,004 - Install complete.
