8/14/2011 10:26:42 PM
INFO  2011-08-14 18:26:37,691 - Installing bundle...
INFO  2011-08-14 18:26:37,706 - Performing pre-install.
INFO  2011-08-14 18:26:37,738 - Installing context item: SalesLogix Application Entities (\Entity Model\SalesLogix Application Entities\SalesLogix Application Entities.T.package.xml)
INFO  2011-08-14 18:26:37,753 - Successfully installed SalesLogix Application Entities (\Entity Model\SalesLogix Application Entities\SalesLogix Application Entities.T.package.xml)
INFO  2011-08-14 18:26:37,753 - Installing model item: SalesOrder (\Entity Model\SalesLogix Application Entities\SalesOrder\SalesOrder.SALESORDER.entity.xml)
INFO  2011-08-14 18:26:38,925 - Successfully installed SalesOrder (\Entity Model\SalesLogix Application Entities\SalesOrder\SalesOrder.SALESORDER.entity.xml)
INFO  2011-08-14 18:26:38,941 - Installing model item: CopySalesOrder (\Entity Model\SalesLogix Application Entities\SalesOrder\CopySalesOrder.method.xml)
INFO  2011-08-14 18:26:38,941 - Successfully installed CopySalesOrder (\Entity Model\SalesLogix Application Entities\SalesOrder\CopySalesOrder.method.xml)
INFO  2011-08-14 18:26:38,941 - Installing item: CopySalesOrder (\Entity Model\SalesLogix Application Entities\SalesOrder\CopySalesOrder.method.xml::Primary Steps::CopySalesOrder)
INFO  2011-08-14 18:26:38,941 - Successfully installed CopySalesOrder (\Entity Model\SalesLogix Application Entities\SalesOrder\CopySalesOrder.method.xml::Primary Steps::CopySalesOrder)
INFO  2011-08-14 18:26:38,956 - Installing model item: IsMultiCurrencyEnabled (\Entity Model\SalesLogix Application Entities\SalesOrder\IsMultiCurrencyEnabled.method.xml)
INFO  2011-08-14 18:26:38,956 - Successfully installed IsMultiCurrencyEnabled (\Entity Model\SalesLogix Application Entities\SalesOrder\IsMultiCurrencyEnabled.method.xml)
INFO  2011-08-14 18:26:38,972 - Installing item: IsMultiCurrencyEnabled (\Entity Model\SalesLogix Application Entities\SalesOrder\IsMultiCurrencyEnabled.method.xml::Primary Steps::IsMultiCurrencyEnabled)
INFO  2011-08-14 18:26:38,972 - Successfully installed IsMultiCurrencyEnabled (\Entity Model\SalesLogix Application Entities\SalesOrder\IsMultiCurrencyEnabled.method.xml::Primary Steps::IsMultiCurrencyEnabled)
INFO  2011-08-14 18:26:39,003 - Installing model item: OnAccountChanged (\Entity Model\SalesLogix Application Entities\SalesOrder\OnAccountChanged.method.xml)
INFO  2011-08-14 18:26:39,003 - Successfully installed OnAccountChanged (\Entity Model\SalesLogix Application Entities\SalesOrder\OnAccountChanged.method.xml)
INFO  2011-08-14 18:26:39,003 - Installing item: OnAccountChanged (\Entity Model\SalesLogix Application Entities\SalesOrder\OnAccountChanged.method.xml::Primary Steps::OnAccountChanged)
INFO  2011-08-14 18:26:39,019 - Successfully installed OnAccountChanged (\Entity Model\SalesLogix Application Entities\SalesOrder\OnAccountChanged.method.xml::Primary Steps::OnAccountChanged)
INFO  2011-08-14 18:26:39,019 - Installing model item: OnBillingContactChanged (\Entity Model\SalesLogix Application Entities\SalesOrder\OnBillingContactChanged.method.xml)
INFO  2011-08-14 18:26:39,019 - Successfully installed OnBillingContactChanged (\Entity Model\SalesLogix Application Entities\SalesOrder\OnBillingContactChanged.method.xml)
INFO  2011-08-14 18:26:39,034 - Installing item: OnBillingContactChanged (\Entity Model\SalesLogix Application Entities\SalesOrder\OnBillingContactChanged.method.xml::Primary Steps::OnBillingContactChanged)
INFO  2011-08-14 18:26:39,034 - Successfully installed OnBillingContactChanged (\Entity Model\SalesLogix Application Entities\SalesOrder\OnBillingContactChanged.method.xml::Primary Steps::OnBillingContactChanged)
INFO  2011-08-14 18:26:39,034 - Installing model item: OnOpportunityChanged (\Entity Model\SalesLogix Application Entities\SalesOrder\OnOpportunityChanged.method.xml)
INFO  2011-08-14 18:26:39,050 - Successfully installed OnOpportunityChanged (\Entity Model\SalesLogix Application Entities\SalesOrder\OnOpportunityChanged.method.xml)
INFO  2011-08-14 18:26:39,050 - Installing item: OnOpportunityChanged (\Entity Model\SalesLogix Application Entities\SalesOrder\OnOpportunityChanged.method.xml::Primary Steps::OnOpportunityChanged)
INFO  2011-08-14 18:26:39,066 - Successfully installed OnOpportunityChanged (\Entity Model\SalesLogix Application Entities\SalesOrder\OnOpportunityChanged.method.xml::Primary Steps::OnOpportunityChanged)
INFO  2011-08-14 18:26:39,066 - Installing model item: OnShippingContactChanged (\Entity Model\SalesLogix Application Entities\SalesOrder\OnShippingContactChanged.method.xml)
INFO  2011-08-14 18:26:39,066 - Successfully installed OnShippingContactChanged (\Entity Model\SalesLogix Application Entities\SalesOrder\OnShippingContactChanged.method.xml)
INFO  2011-08-14 18:26:39,081 - Installing item: OnShippingContactChanged (\Entity Model\SalesLogix Application Entities\SalesOrder\OnShippingContactChanged.method.xml::Primary Steps::OnShippingContactChanged)
INFO  2011-08-14 18:26:39,081 - Successfully installed OnShippingContactChanged (\Entity Model\SalesLogix Application Entities\SalesOrder\OnShippingContactChanged.method.xml::Primary Steps::OnShippingContactChanged)
INFO  2011-08-14 18:26:39,097 - Installing model item: OnStatusChanged (\Entity Model\SalesLogix Application Entities\SalesOrder\OnStatusChanged.method.xml)
INFO  2011-08-14 18:26:39,113 - Successfully installed OnStatusChanged (\Entity Model\SalesLogix Application Entities\SalesOrder\OnStatusChanged.method.xml)
INFO  2011-08-14 18:26:39,113 - Installing item: OnStatusChange (\Entity Model\SalesLogix Application Entities\SalesOrder\OnStatusChanged.method.xml::Primary Steps::OnStatusChange)
INFO  2011-08-14 18:26:39,128 - Successfully installed OnStatusChange (\Entity Model\SalesLogix Application Entities\SalesOrder\OnStatusChanged.method.xml::Primary Steps::OnStatusChange)
INFO  2011-08-14 18:26:39,300 - Installing model item: SetDiscountRate (\Entity Model\SalesLogix Application Entities\SalesOrder\SetDiscountRate.method.xml)
INFO  2011-08-14 18:26:39,300 - Successfully installed SetDiscountRate (\Entity Model\SalesLogix Application Entities\SalesOrder\SetDiscountRate.method.xml)
INFO  2011-08-14 18:26:39,316 - Installing item: SetDiscountRate (\Entity Model\SalesLogix Application Entities\SalesOrder\SetDiscountRate.method.xml::Primary Steps::SetDiscountRate)
INFO  2011-08-14 18:26:39,331 - Successfully installed SetDiscountRate (\Entity Model\SalesLogix Application Entities\SalesOrder\SetDiscountRate.method.xml::Primary Steps::SetDiscountRate)
INFO  2011-08-14 18:26:39,331 - Installing model item: SetExchangeRate (\Entity Model\SalesLogix Application Entities\SalesOrder\SetExchangeRate.method.xml)
INFO  2011-08-14 18:26:39,347 - Successfully installed SetExchangeRate (\Entity Model\SalesLogix Application Entities\SalesOrder\SetExchangeRate.method.xml)
INFO  2011-08-14 18:26:39,363 - Installing item: SetExchangeRate (\Entity Model\SalesLogix Application Entities\SalesOrder\SetExchangeRate.method.xml::Primary Steps::SetExchangeRate)
INFO  2011-08-14 18:26:39,363 - Successfully installed SetExchangeRate (\Entity Model\SalesLogix Application Entities\SalesOrder\SetExchangeRate.method.xml::Primary Steps::SetExchangeRate)
INFO  2011-08-14 18:26:39,378 - Installing model item: SetSalesOrderBillingAddress (\Entity Model\SalesLogix Application Entities\SalesOrder\SetSalesOrderBillingAddress.method.xml)
INFO  2011-08-14 18:26:39,378 - Successfully installed SetSalesOrderBillingAddress (\Entity Model\SalesLogix Application Entities\SalesOrder\SetSalesOrderBillingAddress.method.xml)
INFO  2011-08-14 18:26:39,409 - Installing item: SetSalesOrderBillingAddress (\Entity Model\SalesLogix Application Entities\SalesOrder\SetSalesOrderBillingAddress.method.xml::Primary Steps::SetSalesOrderBillingAddress)
INFO  2011-08-14 18:26:39,409 - Successfully installed SetSalesOrderBillingAddress (\Entity Model\SalesLogix Application Entities\SalesOrder\SetSalesOrderBillingAddress.method.xml::Primary Steps::SetSalesOrderBillingAddress)
INFO  2011-08-14 18:26:39,425 - Installing model item: SetSalesOrderShippingAddress (\Entity Model\SalesLogix Application Entities\SalesOrder\SetSalesOrderShippingAddress.method.xml)
INFO  2011-08-14 18:26:39,425 - Successfully installed SetSalesOrderShippingAddress (\Entity Model\SalesLogix Application Entities\SalesOrder\SetSalesOrderShippingAddress.method.xml)
INFO  2011-08-14 18:26:39,441 - Installing item: SetSalesOrderShippingAddress (\Entity Model\SalesLogix Application Entities\SalesOrder\SetSalesOrderShippingAddress.method.xml::Primary Steps::SetSalesOrderShippingAddress)
INFO  2011-08-14 18:26:39,441 - Successfully installed SetSalesOrderShippingAddress (\Entity Model\SalesLogix Application Entities\SalesOrder\SetSalesOrderShippingAddress.method.xml::Primary Steps::SetSalesOrderShippingAddress)
INFO  2011-08-14 18:26:39,456 - Installing model item: SetTaxAmount (\Entity Model\SalesLogix Application Entities\SalesOrder\SetTaxAmount.method.xml)
INFO  2011-08-14 18:26:39,456 - Successfully installed SetTaxAmount (\Entity Model\SalesLogix Application Entities\SalesOrder\SetTaxAmount.method.xml)
INFO  2011-08-14 18:26:39,472 - Installing item: SetTaxAmount (\Entity Model\SalesLogix Application Entities\SalesOrder\SetTaxAmount.method.xml::Primary Steps::SetTaxAmount)
INFO  2011-08-14 18:26:39,472 - Successfully installed SetTaxAmount (\Entity Model\SalesLogix Application Entities\SalesOrder\SetTaxAmount.method.xml::Primary Steps::SetTaxAmount)
INFO  2011-08-14 18:26:39,488 - Installing model item: OnAfterDelete (\Entity Model\SalesLogix Application Entities\SalesOrder\OnAfterDelete.method.xml)
INFO  2011-08-14 18:26:39,488 - Successfully installed OnAfterDelete (\Entity Model\SalesLogix Application Entities\SalesOrder\OnAfterDelete.method.xml)
INFO  2011-08-14 18:26:39,503 - Installing item: OnAfterDelete (\Entity Model\SalesLogix Application Entities\SalesOrder\OnAfterDelete.method.xml::Primary Steps::OnAfterDelete)
INFO  2011-08-14 18:26:39,503 - Successfully installed OnAfterDelete (\Entity Model\SalesLogix Application Entities\SalesOrder\OnAfterDelete.method.xml::Primary Steps::OnAfterDelete)
INFO  2011-08-14 18:26:39,659 - Installing model item: OnAfterInsert (\Entity Model\SalesLogix Application Entities\SalesOrder\OnAfterInsert.method.xml)
INFO  2011-08-14 18:26:39,675 - Successfully installed OnAfterInsert (\Entity Model\SalesLogix Application Entities\SalesOrder\OnAfterInsert.method.xml)
INFO  2011-08-14 18:26:39,675 - Installing item: OnAfterInsert (\Entity Model\SalesLogix Application Entities\SalesOrder\OnAfterInsert.method.xml::Primary Steps::OnAfterInsert)
INFO  2011-08-14 18:26:39,691 - Successfully installed OnAfterInsert (\Entity Model\SalesLogix Application Entities\SalesOrder\OnAfterInsert.method.xml::Primary Steps::OnAfterInsert)
INFO  2011-08-14 18:26:39,691 - Installing model item: OnAfterUpdate (\Entity Model\SalesLogix Application Entities\SalesOrder\OnAfterUpdate.method.xml)
INFO  2011-08-14 18:26:39,706 - Successfully installed OnAfterUpdate (\Entity Model\SalesLogix Application Entities\SalesOrder\OnAfterUpdate.method.xml)
INFO  2011-08-14 18:26:39,706 - Installing item: OnAfterUpdate (\Entity Model\SalesLogix Application Entities\SalesOrder\OnAfterUpdate.method.xml::Primary Steps::OnAfterUpdate)
INFO  2011-08-14 18:26:39,722 - Successfully installed OnAfterUpdate (\Entity Model\SalesLogix Application Entities\SalesOrder\OnAfterUpdate.method.xml::Primary Steps::OnAfterUpdate)
INFO  2011-08-14 18:26:39,722 - Installing model item: OnBeforeDelete (\Entity Model\SalesLogix Application Entities\SalesOrder\OnBeforeDelete.method.xml)
INFO  2011-08-14 18:26:39,738 - Successfully installed OnBeforeDelete (\Entity Model\SalesLogix Application Entities\SalesOrder\OnBeforeDelete.method.xml)
INFO  2011-08-14 18:26:39,738 - Installing item: OnBeforeDelete (\Entity Model\SalesLogix Application Entities\SalesOrder\OnBeforeDelete.method.xml::Primary Steps::OnBeforeDelete)
INFO  2011-08-14 18:26:39,738 - Successfully installed OnBeforeDelete (\Entity Model\SalesLogix Application Entities\SalesOrder\OnBeforeDelete.method.xml::Primary Steps::OnBeforeDelete)
INFO  2011-08-14 18:26:39,753 - Installing model item: OnBeforeInsert (\Entity Model\SalesLogix Application Entities\SalesOrder\OnBeforeInsert.method.xml)
INFO  2011-08-14 18:26:39,753 - Successfully installed OnBeforeInsert (\Entity Model\SalesLogix Application Entities\SalesOrder\OnBeforeInsert.method.xml)
INFO  2011-08-14 18:26:39,925 - Installing item: OnBeforeInsert (\Entity Model\SalesLogix Application Entities\SalesOrder\OnBeforeInsert.method.xml::Primary Steps::OnBeforeInsert)
INFO  2011-08-14 18:26:39,941 - Successfully installed OnBeforeInsert (\Entity Model\SalesLogix Application Entities\SalesOrder\OnBeforeInsert.method.xml::Primary Steps::OnBeforeInsert)
INFO  2011-08-14 18:26:39,941 - Installing model item: OnBeforeUpdate (\Entity Model\SalesLogix Application Entities\SalesOrder\OnBeforeUpdate.method.xml)
INFO  2011-08-14 18:26:39,956 - Successfully installed OnBeforeUpdate (\Entity Model\SalesLogix Application Entities\SalesOrder\OnBeforeUpdate.method.xml)
INFO  2011-08-14 18:26:39,972 - Installing item: OnBeforeUpdate (\Entity Model\SalesLogix Application Entities\SalesOrder\OnBeforeUpdate.method.xml::Primary Steps::OnBeforeUpdate)
INFO  2011-08-14 18:26:39,972 - Successfully installed OnBeforeUpdate (\Entity Model\SalesLogix Application Entities\SalesOrder\OnBeforeUpdate.method.xml::Primary Steps::OnBeforeUpdate)
INFO  2011-08-14 18:26:39,988 - Installing model item: OnCreate (\Entity Model\SalesLogix Application Entities\SalesOrder\OnCreate.method.xml)
INFO  2011-08-14 18:26:39,988 - Successfully installed OnCreate (\Entity Model\SalesLogix Application Entities\SalesOrder\OnCreate.method.xml)
INFO  2011-08-14 18:26:40,019 - Installing item: OnCreate (\Entity Model\SalesLogix Application Entities\SalesOrder\OnCreate.method.xml::Primary Steps::OnCreate)
INFO  2011-08-14 18:26:40,175 - Successfully installed OnCreate (\Entity Model\SalesLogix Application Entities\SalesOrder\OnCreate.method.xml::Primary Steps::OnCreate)
INFO  2011-08-14 18:26:40,191 - Installing model item: Account (\Entity Model\SalesLogix Application Entities\SalesOrder\Account.filter.xml)
INFO  2011-08-14 18:26:40,753 - Successfully installed Account (\Entity Model\SalesLogix Application Entities\SalesOrder\Account.filter.xml)
INFO  2011-08-14 18:26:40,753 - Installing model item: AccountManager (\Entity Model\SalesLogix Application Entities\SalesOrder\AccountManager.filter.xml)
INFO  2011-08-14 18:26:40,784 - Successfully installed AccountManager (\Entity Model\SalesLogix Application Entities\SalesOrder\AccountManager.filter.xml)
INFO  2011-08-14 18:26:40,784 - Installing model item: CommissionAverage (\Entity Model\SalesLogix Application Entities\SalesOrder\CommissionAverage.filter.xml)
INFO  2011-08-14 18:26:40,816 - Successfully installed CommissionAverage (\Entity Model\SalesLogix Application Entities\SalesOrder\CommissionAverage.filter.xml)
INFO  2011-08-14 18:26:40,816 - Installing model item: DateRequested (\Entity Model\SalesLogix Application Entities\SalesOrder\DateRequested.filter.xml)
INFO  2011-08-14 18:26:40,831 - Successfully installed DateRequested (\Entity Model\SalesLogix Application Entities\SalesOrder\DateRequested.filter.xml)
INFO  2011-08-14 18:26:40,847 - Installing model item: DiscountAverage (\Entity Model\SalesLogix Application Entities\SalesOrder\DiscountAverage.filter.xml)
INFO  2011-08-14 18:26:40,878 - Successfully installed DiscountAverage (\Entity Model\SalesLogix Application Entities\SalesOrder\DiscountAverage.filter.xml)
INFO  2011-08-14 18:26:40,894 - Installing model item: GrandTotal (\Entity Model\SalesLogix Application Entities\SalesOrder\GrandTotal.filter.xml)
INFO  2011-08-14 18:26:40,909 - Successfully installed GrandTotal (\Entity Model\SalesLogix Application Entities\SalesOrder\GrandTotal.filter.xml)
INFO  2011-08-14 18:26:40,909 - Installing model item: OpenSalesOrderDeliveryExpectationAverage (\Entity Model\SalesLogix Application Entities\SalesOrder\OpenSalesOrderDeliveryExpectationAverage.filter.xml)
INFO  2011-08-14 18:26:40,941 - Successfully installed OpenSalesOrderDeliveryExpectationAverage (\Entity Model\SalesLogix Application Entities\SalesOrder\OpenSalesOrderDeliveryExpectationAverage.filter.xml)
INFO  2011-08-14 18:26:40,941 - Installing model item: SalesOrderCount (\Entity Model\SalesLogix Application Entities\SalesOrder\SalesOrderCount.filter.xml)
INFO  2011-08-14 18:26:40,956 - Successfully installed SalesOrderCount (\Entity Model\SalesLogix Application Entities\SalesOrder\SalesOrderCount.filter.xml)
INFO  2011-08-14 18:26:40,956 - Installing model item: Status (\Entity Model\SalesLogix Application Entities\SalesOrder\Status.filter.xml)
INFO  2011-08-14 18:26:41,128 - Successfully installed Status (\Entity Model\SalesLogix Application Entities\SalesOrder\Status.filter.xml)
INFO  2011-08-14 18:26:41,144 - Installing model item: Type (\Entity Model\SalesLogix Application Entities\SalesOrder\Type.filter.xml)
INFO  2011-08-14 18:26:41,144 - Successfully installed Type (\Entity Model\SalesLogix Application Entities\SalesOrder\Type.filter.xml)
INFO  2011-08-14 18:26:41,175 - Installing model item: BillToShipTo (\Entity Model\SalesLogix Application Entities\SalesOrder\QuickForms\BillToShipTo.main.quickform.xml)
INFO  2011-08-14 18:26:41,222 - Successfully installed BillToShipTo (\Entity Model\SalesLogix Application Entities\SalesOrder\QuickForms\BillToShipTo.main.quickform.xml)
INFO  2011-08-14 18:26:41,222 - Installing model item: EditSalesOrderDetail (\Entity Model\SalesLogix Application Entities\SalesOrder\QuickForms\EditSalesOrderDetail.main.quickform.xml)
INFO  2011-08-14 18:26:41,238 - Successfully installed EditSalesOrderDetail (\Entity Model\SalesLogix Application Entities\SalesOrder\QuickForms\EditSalesOrderDetail.main.quickform.xml)
INFO  2011-08-14 18:26:41,253 - Installing model item: InsertSalesOrder (\Entity Model\SalesLogix Application Entities\SalesOrder\QuickForms\InsertSalesOrder.main.quickform.xml)
INFO  2011-08-14 18:26:41,269 - Successfully installed InsertSalesOrder (\Entity Model\SalesLogix Application Entities\SalesOrder\QuickForms\InsertSalesOrder.main.quickform.xml)
INFO  2011-08-14 18:26:41,269 - Installing model item: SalesOrderDetails (\Entity Model\SalesLogix Application Entities\SalesOrder\QuickForms\SalesOrderDetails.main.quickform.xml)
INFO  2011-08-14 18:26:41,284 - Successfully installed SalesOrderDetails (\Entity Model\SalesLogix Application Entities\SalesOrder\QuickForms\SalesOrderDetails.main.quickform.xml)
INFO  2011-08-14 18:26:41,300 - Installing model item: SalesOrderItems (\Entity Model\SalesLogix Application Entities\SalesOrder\QuickForms\SalesOrderItems.main.quickform.xml)
INFO  2011-08-14 18:26:41,316 - Successfully installed SalesOrderItems (\Entity Model\SalesLogix Application Entities\SalesOrder\QuickForms\SalesOrderItems.main.quickform.xml)
INFO  2011-08-14 18:26:41,316 - Installing model item: SalesOrderSummaryView (\Entity Model\SalesLogix Application Entities\SalesOrder\QuickForms\SalesOrderSummaryView.main.quickform.xml)
INFO  2011-08-14 18:26:41,472 - Successfully installed SalesOrderSummaryView (\Entity Model\SalesLogix Application Entities\SalesOrder\QuickForms\SalesOrderSummaryView.main.quickform.xml)
INFO  2011-08-14 18:26:41,488 - Configuring installed items.
INFO  2011-08-14 18:26:41,503 - Performing pre-commit to target project.
INFO  2011-08-14 18:26:41,816 - Committing items to target project...
INFO  2011-08-14 18:26:41,941 - Committing transactions...
INFO  2011-08-14 18:26:42,144 - Copying bundle manifest to project.
INFO  2011-08-14 18:26:42,706 - Install complete.
